{"total": {"lines":{"total":435,"covered":116,"skipped":0,"pct":26.66},"statements":{"total":466,"covered":119,"skipped":0,"pct":25.53},"functions":{"total":149,"covered":28,"skipped":0,"pct":18.79},"branches":{"total":187,"covered":23,"skipped":0,"pct":12.29},"branchesTrue":{"total":0,"covered":0,"skipped":0,"pct":100}}
,"/home/joohenrique/Documentos/TRYBE GITHUB/PROJETOS/17 - AppReceitas/sd-019-b-project-recipes-app/src/App.js": {"lines":{"total":3,"covered":3,"skipped":0,"pct":100},"functions":{"total":3,"covered":3,"skipped":0,"pct":100},"statements":{"total":3,"covered":3,"skipped":0,"pct":100},"branches":{"total":0,"covered":0,"skipped":0,"pct":100}}
,"/home/joohenrique/Documentos/TRYBE GITHUB/PROJETOS/17 - AppReceitas/sd-019-b-project-recipes-app/src/components/BtnAll.jsx": {"lines":{"total":9,"covered":3,"skipped":0,"pct":33.33},"functions":{"total":2,"covered":1,"skipped":0,"pct":50},"statements":{"total":10,"covered":3,"skipped":0,"pct":30},"branches":{"total":2,"covered":0,"skipped":0,"pct":0}}
,"/home/joohenrique/Documentos/TRYBE GITHUB/PROJETOS/17 - AppReceitas/sd-019-b-project-recipes-app/src/components/BtnFilter.jsx": {"lines":{"total":19,"covered":3,"skipped":0,"pct":15.78},"functions":{"total":3,"covered":1,"skipped":0,"pct":33.33},"statements":{"total":21,"covered":3,"skipped":0,"pct":14.28},"branches":{"total":10,"covered":0,"skipped":0,"pct":0}}
,"/home/joohenrique/Documentos/TRYBE GITHUB/PROJETOS/17 - AppReceitas/sd-019-b-project-recipes-app/src/components/BtnSearch.jsx": {"lines":{"total":4,"covered":0,"skipped":0,"pct":0},"functions":{"total":2,"covered":0,"skipped":0,"pct":0},"statements":{"total":4,"covered":0,"skipped":0,"pct":0},"branches":{"total":0,"covered":0,"skipped":0,"pct":100}}
,"/home/joohenrique/Documentos/TRYBE GITHUB/PROJETOS/17 - AppReceitas/sd-019-b-project-recipes-app/src/components/Categories.jsx": {"lines":{"total":28,"covered":17,"skipped":0,"pct":60.71},"functions":{"total":5,"covered":3,"skipped":0,"pct":60},"statements":{"total":30,"covered":17,"skipped":0,"pct":56.66},"branches":{"total":14,"covered":5,"skipped":0,"pct":35.71}}
,"/home/joohenrique/Documentos/TRYBE GITHUB/PROJETOS/17 - AppReceitas/sd-019-b-project-recipes-app/src/components/DrinksSearchBar.jsx": {"lines":{"total":20,"covered":0,"skipped":0,"pct":0},"functions":{"total":6,"covered":0,"skipped":0,"pct":0},"statements":{"total":20,"covered":0,"skipped":0,"pct":0},"branches":{"total":7,"covered":0,"skipped":0,"pct":0}}
,"/home/joohenrique/Documentos/TRYBE GITHUB/PROJETOS/17 - AppReceitas/sd-019-b-project-recipes-app/src/components/FavoriteBtn.jsx": {"lines":{"total":11,"covered":2,"skipped":0,"pct":18.18},"functions":{"total":5,"covered":0,"skipped":0,"pct":0},"statements":{"total":11,"covered":2,"skipped":0,"pct":18.18},"branches":{"total":4,"covered":0,"skipped":0,"pct":0}}
,"/home/joohenrique/Documentos/TRYBE GITHUB/PROJETOS/17 - AppReceitas/sd-019-b-project-recipes-app/src/components/FilterButtons.jsx": {"lines":{"total":7,"covered":6,"skipped":0,"pct":85.71},"functions":{"total":3,"covered":2,"skipped":0,"pct":66.66},"statements":{"total":7,"covered":6,"skipped":0,"pct":85.71},"branches":{"total":2,"covered":1,"skipped":0,"pct":50}}
,"/home/joohenrique/Documentos/TRYBE GITHUB/PROJETOS/17 - AppReceitas/sd-019-b-project-recipes-app/src/components/FoodsSearchBar.jsx": {"lines":{"total":20,"covered":0,"skipped":0,"pct":0},"functions":{"total":6,"covered":0,"skipped":0,"pct":0},"statements":{"total":20,"covered":0,"skipped":0,"pct":0},"branches":{"total":7,"covered":0,"skipped":0,"pct":0}}
,"/home/joohenrique/Documentos/TRYBE GITHUB/PROJETOS/17 - AppReceitas/sd-019-b-project-recipes-app/src/components/Header.jsx": {"lines":{"total":12,"covered":10,"skipped":0,"pct":83.33},"functions":{"total":3,"covered":1,"skipped":0,"pct":33.33},"statements":{"total":12,"covered":10,"skipped":0,"pct":83.33},"branches":{"total":4,"covered":2,"skipped":0,"pct":50}}
,"/home/joohenrique/Documentos/TRYBE GITHUB/PROJETOS/17 - AppReceitas/sd-019-b-project-recipes-app/src/components/MenuInferior.jsx": {"lines":{"total":1,"covered":1,"skipped":0,"pct":100},"functions":{"total":1,"covered":1,"skipped":0,"pct":100},"statements":{"total":1,"covered":1,"skipped":0,"pct":100},"branches":{"total":0,"covered":0,"skipped":0,"pct":100}}
,"/home/joohenrique/Documentos/TRYBE GITHUB/PROJETOS/17 - AppReceitas/sd-019-b-project-recipes-app/src/components/RecipeCard.jsx": {"lines":{"total":2,"covered":1,"skipped":0,"pct":50},"functions":{"total":1,"covered":0,"skipped":0,"pct":0},"statements":{"total":2,"covered":1,"skipped":0,"pct":50},"branches":{"total":0,"covered":0,"skipped":0,"pct":100}}
,"/home/joohenrique/Documentos/TRYBE GITHUB/PROJETOS/17 - AppReceitas/sd-019-b-project-recipes-app/src/components/SavedRecipeCard.jsx": {"lines":{"total":5,"covered":1,"skipped":0,"pct":20},"functions":{"total":3,"covered":0,"skipped":0,"pct":0},"statements":{"total":5,"covered":1,"skipped":0,"pct":20},"branches":{"total":8,"covered":0,"skipped":0,"pct":0}}
,"/home/joohenrique/Documentos/TRYBE GITHUB/PROJETOS/17 - AppReceitas/sd-019-b-project-recipes-app/src/components/SearchBar.jsx": {"lines":{"total":23,"covered":1,"skipped":0,"pct":4.34},"functions":{"total":6,"covered":0,"skipped":0,"pct":0},"statements":{"total":23,"covered":1,"skipped":0,"pct":4.34},"branches":{"total":7,"covered":0,"skipped":0,"pct":0}}
,"/home/joohenrique/Documentos/TRYBE GITHUB/PROJETOS/17 - AppReceitas/sd-019-b-project-recipes-app/src/components/ShareBtn.jsx": {"lines":{"total":13,"covered":3,"skipped":0,"pct":23.07},"functions":{"total":5,"covered":0,"skipped":0,"pct":0},"statements":{"total":15,"covered":3,"skipped":0,"pct":20},"branches":{"total":4,"covered":0,"skipped":0,"pct":0}}
,"/home/joohenrique/Documentos/TRYBE GITHUB/PROJETOS/17 - AppReceitas/sd-019-b-project-recipes-app/src/components/StartRecipeBtn.jsx": {"lines":{"total":8,"covered":2,"skipped":0,"pct":25},"functions":{"total":3,"covered":0,"skipped":0,"pct":0},"statements":{"total":10,"covered":2,"skipped":0,"pct":20},"branches":{"total":4,"covered":0,"skipped":0,"pct":0}}
,"/home/joohenrique/Documentos/TRYBE GITHUB/PROJETOS/17 - AppReceitas/sd-019-b-project-recipes-app/src/context/RecipesContext.js": {"lines":{"total":1,"covered":1,"skipped":0,"pct":100},"functions":{"total":0,"covered":0,"skipped":0,"pct":100},"statements":{"total":1,"covered":1,"skipped":0,"pct":100},"branches":{"total":0,"covered":0,"skipped":0,"pct":100}}
,"/home/joohenrique/Documentos/TRYBE GITHUB/PROJETOS/17 - AppReceitas/sd-019-b-project-recipes-app/src/context/RecipesProvider.jsx": {"lines":{"total":26,"covered":12,"skipped":0,"pct":46.15},"functions":{"total":4,"covered":3,"skipped":0,"pct":75},"statements":{"total":40,"covered":13,"skipped":0,"pct":32.5},"branches":{"total":30,"covered":5,"skipped":0,"pct":16.66}}
,"/home/joohenrique/Documentos/TRYBE GITHUB/PROJETOS/17 - AppReceitas/sd-019-b-project-recipes-app/src/pages/ExploreFiltersPage.jsx": {"lines":{"total":7,"covered":1,"skipped":0,"pct":14.28},"functions":{"total":3,"covered":0,"skipped":0,"pct":0},"statements":{"total":7,"covered":1,"skipped":0,"pct":14.28},"branches":{"total":2,"covered":0,"skipped":0,"pct":0}}
,"/home/joohenrique/Documentos/TRYBE GITHUB/PROJETOS/17 - AppReceitas/sd-019-b-project-recipes-app/src/pages/ExploreIngredientsPage.jsx": {"lines":{"total":24,"covered":2,"skipped":0,"pct":8.33},"functions":{"total":9,"covered":0,"skipped":0,"pct":0},"statements":{"total":24,"covered":2,"skipped":0,"pct":8.33},"branches":{"total":2,"covered":0,"skipped":0,"pct":0}}
,"/home/joohenrique/Documentos/TRYBE GITHUB/PROJETOS/17 - AppReceitas/sd-019-b-project-recipes-app/src/pages/ExploreNatPage.jsx": {"lines":{"total":21,"covered":1,"skipped":0,"pct":4.76},"functions":{"total":8,"covered":0,"skipped":0,"pct":0},"statements":{"total":21,"covered":1,"skipped":0,"pct":4.76},"branches":{"total":4,"covered":0,"skipped":0,"pct":0}}
,"/home/joohenrique/Documentos/TRYBE GITHUB/PROJETOS/17 - AppReceitas/sd-019-b-project-recipes-app/src/pages/ExplorePage.jsx": {"lines":{"total":4,"covered":0,"skipped":0,"pct":0},"functions":{"total":3,"covered":0,"skipped":0,"pct":0},"statements":{"total":4,"covered":0,"skipped":0,"pct":0},"branches":{"total":0,"covered":0,"skipped":0,"pct":100}}
,"/home/joohenrique/Documentos/TRYBE GITHUB/PROJETOS/17 - AppReceitas/sd-019-b-project-recipes-app/src/pages/GeneralDetailsPage.jsx": {"lines":{"total":33,"covered":3,"skipped":0,"pct":9.09},"functions":{"total":9,"covered":0,"skipped":0,"pct":0},"statements":{"total":34,"covered":3,"skipped":0,"pct":8.82},"branches":{"total":16,"covered":0,"skipped":0,"pct":0}}
,"/home/joohenrique/Documentos/TRYBE GITHUB/PROJETOS/17 - AppReceitas/sd-019-b-project-recipes-app/src/pages/GeneralPage.jsx": {"lines":{"total":21,"covered":12,"skipped":0,"pct":57.14},"functions":{"total":5,"covered":3,"skipped":0,"pct":60},"statements":{"total":22,"covered":12,"skipped":0,"pct":54.54},"branches":{"total":9,"covered":5,"skipped":0,"pct":55.55}}
,"/home/joohenrique/Documentos/TRYBE GITHUB/PROJETOS/17 - AppReceitas/sd-019-b-project-recipes-app/src/pages/GeneralProgressPage.jsx": {"lines":{"total":27,"covered":2,"skipped":0,"pct":7.4},"functions":{"total":11,"covered":0,"skipped":0,"pct":0},"statements":{"total":28,"covered":2,"skipped":0,"pct":7.14},"branches":{"total":18,"covered":0,"skipped":0,"pct":0}}
,"/home/joohenrique/Documentos/TRYBE GITHUB/PROJETOS/17 - AppReceitas/sd-019-b-project-recipes-app/src/pages/LoginPage.jsx": {"lines":{"total":16,"covered":16,"skipped":0,"pct":100},"functions":{"total":5,"covered":5,"skipped":0,"pct":100},"statements":{"total":16,"covered":16,"skipped":0,"pct":100},"branches":{"total":2,"covered":2,"skipped":0,"pct":100}}
,"/home/joohenrique/Documentos/TRYBE GITHUB/PROJETOS/17 - AppReceitas/sd-019-b-project-recipes-app/src/pages/NotFoundPage.jsx": {"lines":{"total":1,"covered":0,"skipped":0,"pct":0},"functions":{"total":1,"covered":0,"skipped":0,"pct":0},"statements":{"total":1,"covered":0,"skipped":0,"pct":0},"branches":{"total":0,"covered":0,"skipped":0,"pct":100}}
,"/home/joohenrique/Documentos/TRYBE GITHUB/PROJETOS/17 - AppReceitas/sd-019-b-project-recipes-app/src/pages/ProfilePage.jsx": {"lines":{"total":15,"covered":0,"skipped":0,"pct":0},"functions":{"total":5,"covered":0,"skipped":0,"pct":0},"statements":{"total":15,"covered":0,"skipped":0,"pct":0},"branches":{"total":2,"covered":0,"skipped":0,"pct":0}}
,"/home/joohenrique/Documentos/TRYBE GITHUB/PROJETOS/17 - AppReceitas/sd-019-b-project-recipes-app/src/pages/SavedRecipesPage.jsx": {"lines":{"total":12,"covered":2,"skipped":0,"pct":16.66},"functions":{"total":6,"covered":0,"skipped":0,"pct":0},"statements":{"total":12,"covered":2,"skipped":0,"pct":16.66},"branches":{"total":6,"covered":0,"skipped":0,"pct":0}}
,"/home/joohenrique/Documentos/TRYBE GITHUB/PROJETOS/17 - AppReceitas/sd-019-b-project-recipes-app/src/services/doneRecipes.js": {"lines":{"total":4,"covered":1,"skipped":0,"pct":25},"functions":{"total":2,"covered":1,"skipped":0,"pct":50},"statements":{"total":5,"covered":2,"skipped":0,"pct":40},"branches":{"total":6,"covered":1,"skipped":0,"pct":16.66}}
,"/home/joohenrique/Documentos/TRYBE GITHUB/PROJETOS/17 - AppReceitas/sd-019-b-project-recipes-app/src/services/favoriteRecipes.js": {"lines":{"total":8,"covered":1,"skipped":0,"pct":12.5},"functions":{"total":4,"covered":1,"skipped":0,"pct":25},"statements":{"total":10,"covered":2,"skipped":0,"pct":20},"branches":{"total":10,"covered":1,"skipped":0,"pct":10}}
,"/home/joohenrique/Documentos/TRYBE GITHUB/PROJETOS/17 - AppReceitas/sd-019-b-project-recipes-app/src/services/progressRecipes.js": {"lines":{"total":8,"covered":1,"skipped":0,"pct":12.5},"functions":{"total":4,"covered":0,"skipped":0,"pct":0},"statements":{"total":10,"covered":1,"skipped":0,"pct":10},"branches":{"total":6,"covered":0,"skipped":0,"pct":0}}
,"/home/joohenrique/Documentos/TRYBE GITHUB/PROJETOS/17 - AppReceitas/sd-019-b-project-recipes-app/src/services/reqAPI.js": {"lines":{"total":4,"covered":2,"skipped":0,"pct":50},"functions":{"total":1,"covered":1,"skipped":0,"pct":100},"statements":{"total":4,"covered":2,"skipped":0,"pct":50},"branches":{"total":0,"covered":0,"skipped":0,"pct":100}}
,"/home/joohenrique/Documentos/TRYBE GITHUB/PROJETOS/17 - AppReceitas/sd-019-b-project-recipes-app/src/services/roleSettings.js": {"lines":{"total":11,"covered":1,"skipped":0,"pct":9.09},"functions":{"total":10,"covered":0,"skipped":0,"pct":0},"statements":{"total":11,"covered":1,"skipped":0,"pct":9.09},"branches":{"total":0,"covered":0,"skipped":0,"pct":100}}
,"/home/joohenrique/Documentos/TRYBE GITHUB/PROJETOS/17 - AppReceitas/sd-019-b-project-recipes-app/src/services/searchOnAPI.js": {"lines":{"total":3,"covered":1,"skipped":0,"pct":33.33},"functions":{"total":1,"covered":1,"skipped":0,"pct":100},"statements":{"total":3,"covered":1,"skipped":0,"pct":33.33},"branches":{"total":0,"covered":0,"skipped":0,"pct":100}}
,"/home/joohenrique/Documentos/TRYBE GITHUB/PROJETOS/17 - AppReceitas/sd-019-b-project-recipes-app/src/tests/helpers/dataTestIds.js": {"lines":{"total":1,"covered":1,"skipped":0,"pct":100},"functions":{"total":0,"covered":0,"skipped":0,"pct":100},"statements":{"total":1,"covered":1,"skipped":0,"pct":100},"branches":{"total":0,"covered":0,"skipped":0,"pct":100}}
,"/home/joohenrique/Documentos/TRYBE GITHUB/PROJETOS/17 - AppReceitas/sd-019-b-project-recipes-app/src/tests/helpers/renderWithRouter.js": {"lines":{"total":3,"covered":3,"skipped":0,"pct":100},"functions":{"total":1,"covered":1,"skipped":0,"pct":100},"statements":{"total":3,"covered":3,"skipped":0,"pct":100},"branches":{"total":1,"covered":1,"skipped":0,"pct":100}}
}
